<?xml version="1.0" encoding="UTF-8"?>
<!-- Generated by org.testng.reporters.JUnitReportReporter -->
<testsuite hostname="Brians-iMac.local" name="com.l1.interop.business_processes.FullPaymentSetupExecuteForNotificationTests" tests="4" failures="1" timestamp="8 Dec 2016 15:56:07 GMT" time="14.757" errors="0">
  <testcase name="test_receiving_message_from_websocket" time="10.015" classname="com.l1.interop.business_processes.FullPaymentSetupExecuteForNotificationTests">
    <failure type="org.testng.internal.thread.ThreadTimeoutException" message="Method org.testng.internal.TestNGMethod.test_receiving_message_from_websocket() didn&#039;t finish within the time-out 10000">
      <![CDATA[org.testng.internal.thread.ThreadTimeoutException: Method org.testng.internal.TestNGMethod.test_receiving_message_from_websocket() didn't finish within the time-out 10000
	at java.util.IdentityHashMap.keySet(IdentityHashMap.java:968)
	at java.util.Collections$SetFromMap.<init>(Collections.java:5453)
	at java.util.Collections.newSetFromMap(Collections.java:5437)
	at java.lang.Throwable.printStackTrace(Throwable.java:650)
	at java.lang.Throwable.printStackTrace(Throwable.java:643)
	at java.lang.Throwable.printStackTrace(Throwable.java:634)
	at com.l1.interop.business_processes.FullPaymentSetupExecuteForNotificationTests.test_receiving_message_from_websocket(FullPaymentSetupExecuteForNotificationTests.java:384)
	at sun.reflect.NativeMethodAccessorImpl.invoke0(Native Method)
	at sun.reflect.NativeMethodAccessorImpl.invoke(NativeMethodAccessorImpl.java:62)
	at sun.reflect.DelegatingMethodAccessorImpl.invoke(DelegatingMethodAccessorImpl.java:43)
	at java.lang.reflect.Method.invoke(Method.java:498)
	at org.testng.internal.MethodInvocationHelper.invokeMethod(MethodInvocationHelper.java:84)
	at org.testng.internal.InvokeMethodRunnable.runOne(InvokeMethodRunnable.java:46)
	at org.testng.internal.InvokeMethodRunnable.run(InvokeMethodRunnable.java:37)
	at java.util.concurrent.Executors$RunnableAdapter.call(Executors.java:511)
	at java.util.concurrent.FutureTask.run(FutureTask.java:266)
	at java.util.concurrent.ThreadPoolExecutor.runWorker(ThreadPoolExecutor.java:1142)
	at java.util.concurrent.ThreadPoolExecutor$Worker.run(ThreadPoolExecutor.java:617)
	at java.lang.Thread.run(Thread.java:745)
]]>
    </failure>
  </testcase> <!-- test_receiving_message_from_websocket -->
  <testcase name="test_fullPaymentSetupAndPaymentExecution" time="3.731" classname="com.l1.interop.business_processes.FullPaymentSetupExecuteForNotificationTests"/>
  <testcase name="test_sample_asynchrous_call" time="1.009" classname="com.l1.interop.business_processes.FullPaymentSetupExecuteForNotificationTests"/>
  <testcase name="waitForAnswer" time="0.002" classname="com.l1.interop.business_processes.FullPaymentSetupExecuteForNotificationTests"/>
</testsuite> <!-- com.l1.interop.business_processes.FullPaymentSetupExecuteForNotificationTests -->
