<?xml version="1.0" encoding="UTF-8"?>
<!-- Generated by org.testng.reporters.JUnitReportReporter -->
<testsuite hostname="Brians-MacBook-Pro.local" name="com.l1.interop.DirectoryFunctionalTest" tests="7" failures="0" timestamp="24 Feb 2017 19:18:49 GMT" time="2.042" errors="0">
  <testcase name="registering_a_Digital_Financial_Service_Provider_POST" time="0.398" classname="com.l1.interop.DirectoryFunctionalTest"/>
  <testcase name="get_directory_resources_positive_using_BASIC_AUTH" time="0.373" classname="com.l1.interop.DirectoryFunctionalTest"/>
  <testcase name="get_identifier_types_resources_positive_requires_BASIC_AUTH" time="0.217" classname="com.l1.interop.DirectoryFunctionalTest"/>
  <testcase name="get_metadata_positive" time="0.227" classname="com.l1.interop.DirectoryFunctionalTest"/>
  <testcase name="get_directory_resources_positive_using_BASIC_AUTH" time="0.279" classname="com.l1.interop.DirectoryFunctionalTest"/>
  <testcase name="get_directory_resources_positive_using_BASIC_AUTH" time="0.264" classname="com.l1.interop.DirectoryFunctionalTest"/>
  <testcase name="get_directory_resources_positive_using_BASIC_AUTH" time="0.284" classname="com.l1.interop.DirectoryFunctionalTest"/>
</testsuite> <!-- com.l1.interop.DirectoryFunctionalTest -->
