<?xml version="1.0" encoding="UTF-8"?>
<!-- Generated by org.testng.reporters.JUnitReportReporter -->
<testsuite hostname="Brians-iMac.local" name="com.l1.interop.DirectoryFunctionalTest" tests="4" failures="0" timestamp="2 Dec 2016 20:27:38 GMT" time="2.950" errors="0">
  <testcase name="registering_a_Digital_Financial_Service_Provider_POST" time="0.421" classname="com.l1.interop.DirectoryFunctionalTest"/>
  <testcase name="get_identifier_types_resources_positive_requires_BASIC_AUTH" time="0.242" classname="com.l1.interop.DirectoryFunctionalTest"/>
  <testcase name="get_directory_resources_positive_using_BASIC_AUTH" time="2.072" classname="com.l1.interop.DirectoryFunctionalTest"/>
  <testcase name="get_metadata_positive" time="0.215" classname="com.l1.interop.DirectoryFunctionalTest"/>
</testsuite> <!-- com.l1.interop.DirectoryFunctionalTest -->
