<?xml version="1.0" encoding="UTF-8"?>
<!-- Generated by org.testng.reporters.JUnitReportReporter -->
<testsuite hostname="Brians-iMac.local" name="com.l1.interop.UserRegistrationFunctionalTests" tests="1" failures="0" timestamp="29 Nov 2016 14:23:53 GMT" time="2.674" errors="0">
  <testcase name="test_positive_Create_New_User_full_end_to_end" time="2.674" classname="com.l1.interop.UserRegistrationFunctionalTests"/>
</testsuite> <!-- com.l1.interop.UserRegistrationFunctionalTests -->
