<?xml version="1.0" encoding="UTF-8"?>
<!-- Generated by org.testng.reporters.JUnitReportReporter -->
<testsuite hostname="Brians-iMac.local" name="com.l1.interop.USSDFunctionalTests" tests="2" failures="0" timestamp="7 Dec 2016 20:02:40 GMT" time="2.778" errors="0">
  <testcase name="test_postive_metadata_resource" time="0.215" classname="com.l1.interop.USSDFunctionalTests"/>
  <testcase name="test_positive_Create_New_User_full_end_to_end" time="2.563" classname="com.l1.interop.USSDFunctionalTests"/>
</testsuite> <!-- com.l1.interop.USSDFunctionalTests -->
