<?xml version="1.0" encoding="UTF-8"?>
<!-- Generated by org.testng.reporters.JUnitReportReporter -->
<testsuite hostname="Brians-MacBook-Pro.local" name="com.l1.interop.ILPLedgerAdapterFunctionalTest" tests="15" failures="0" timestamp="28 Feb 2017 23:04:51 GMT" time="7.147" errors="0">
  <testcase name="prepareTransfer_ForInvalidRequestBody_ShouldReturn400_ShouldReturnErrorResponse" time="0.263" classname="com.l1.interop.ILPLedgerAdapterFunctionalTest"/>
  <testcase name="getFulfilledTransfer_ForInvalidURIParameterInRequest_ShouldReturn400_ShouldReturnErrorResponse" time="0.000" classname="com.l1.interop.ILPLedgerAdapterFunctionalTest"/>
  <testcase name="getFulfilledTransfer_ForValidFulfilledTransfer_ShouldReturn200_ShouldReturnTransferDetails" time="0.000" classname="com.l1.interop.ILPLedgerAdapterFunctionalTest"/>
  <testcase name="fulfillTransfer_ForInvalidRequestBody_ShouldReturn400_ShouldReturnErrorResponse" time="0.004" classname="com.l1.interop.ILPLedgerAdapterFunctionalTest"/>
  <testcase name="fulfillTransfer_ForUnproceesableEntity_ShouldReturn422_ShouldReturnErrorResponse" time="0.001" classname="com.l1.interop.ILPLedgerAdapterFunctionalTest"/>
  <testcase name="fulfillTransfer_ForValidRequest_ShouldReturn200_ShouldReturnValidResponse" time="0.001" classname="com.l1.interop.ILPLedgerAdapterFunctionalTest"/>
  <testcase name="getFulfilledTransfer_ForFulfillmentThatDoesNotExist_ShouldReturn404_ShouldReturnErrorResponse" time="0.000" classname="com.l1.interop.ILPLedgerAdapterFunctionalTest"/>
  <testcase name="getPreparedTransfer_ForInvalidURIParameterInRequest_ShouldReturn400_ShouldReturnErrorResponse" time="0.001" classname="com.l1.interop.ILPLedgerAdapterFunctionalTest"/>
  <testcase name="getPreparedTransfer_ForTransferThatDoesNotExist_ShouldReturn404_ShouldReturnErrorResponse" time="1.385" classname="com.l1.interop.ILPLedgerAdapterFunctionalTest"/>
  <testcase name="prepareTransfer_ForInvalidURIParameter_ShouldReturn400_ShouldReturnErrorResponse" time="0.254" classname="com.l1.interop.ILPLedgerAdapterFunctionalTest"/>
  <testcase name="getPreparedTransfer_ForValidTransfer_ShouldReturn200_ShouldReturnValidResponse" time="1.506" classname="com.l1.interop.ILPLedgerAdapterFunctionalTest"/>
  <testcase name="fulfillTransfer_ForUnmetCondition_ShouldReturn422_ShouldReturnErrorResponse" time="0.001" classname="com.l1.interop.ILPLedgerAdapterFunctionalTest"/>
  <testcase name="prepareTransfer_ForEntityThatAlreadyExists_ShouldReturn422_ShouldReturnErrorResponse" time="1.327" classname="com.l1.interop.ILPLedgerAdapterFunctionalTest"/>
  <testcase name="fulfillTransfer_ForInvalidURIParameter_ShouldReturn400_ShouldReturnErrorResponse" time="0.001" classname="com.l1.interop.ILPLedgerAdapterFunctionalTest"/>
  <testcase name="prepareTransfer_ForValidSenderAndReceiver_ShouldReturn200_ShouldReturnValidResponse" time="2.403" classname="com.l1.interop.ILPLedgerAdapterFunctionalTest"/>
</testsuite> <!-- com.l1.interop.ILPLedgerAdapterFunctionalTest -->
