<?xml version="1.0" encoding="UTF-8"?>
<!-- Generated by org.testng.reporters.JUnitReportReporter -->
<testsuite hostname="Brians-iMac.local" name="com.l1.interop.UserRegistrationFunctionalTests" tests="1" failures="0" timestamp="28 Nov 2016 17:48:25 GMT" time="28.770" errors="0">
  <testcase name="test_positive_Create_New_User_full_end_to_end" time="28.770" classname="com.l1.interop.UserRegistrationFunctionalTests"/>
</testsuite> <!-- com.l1.interop.UserRegistrationFunctionalTests -->
