<?xml version="1.0" encoding="UTF-8"?>
<!-- Generated by org.testng.reporters.JUnitReportReporter -->
<testsuite hostname="Brians-MacBook-Pro.local" name="com.l1.interop.UserRegistrationFunctionalTests" tests="2" failures="0" timestamp="23 Feb 2017 17:37:23 GMT" time="2.172" errors="0">
  <testcase name="test_positive_Create_New_User_full_end_to_end" time="1.970" classname="com.l1.interop.UserRegistrationFunctionalTests"/>
  <testcase name="test_postive_metadata_resource" time="0.202" classname="com.l1.interop.UserRegistrationFunctionalTests"/>
</testsuite> <!-- com.l1.interop.UserRegistrationFunctionalTests -->
