<?xml version="1.0" encoding="UTF-8"?>
<!-- Generated by org.testng.reporters.JUnitReportReporter -->
<testsuite hostname="Brians-MacBook-Pro.local" name="com.l1.interop.UserRegistrationFunctionalTests" tests="2" failures="0" timestamp="24 Feb 2017 19:18:59 GMT" time="0.710" errors="0">
  <testcase name="test_positive_Create_New_User_full_end_to_end" time="0.548" classname="com.l1.interop.UserRegistrationFunctionalTests"/>
  <testcase name="test_postive_metadata_resource" time="0.162" classname="com.l1.interop.UserRegistrationFunctionalTests"/>
</testsuite> <!-- com.l1.interop.UserRegistrationFunctionalTests -->
