<?xml version="1.0" encoding="UTF-8"?>
<!-- Generated by org.testng.reporters.JUnitReportReporter -->
<testsuite hostname="Brians-iMac.local" name="com.l1.interop.UserRegistrationFunctionalTests" tests="2" failures="0" timestamp="3 Dec 2016 00:03:59 GMT" time="3.024" errors="0">
  <testcase name="test_positive_Create_New_User_full_end_to_end" time="2.831" classname="com.l1.interop.UserRegistrationFunctionalTests"/>
  <testcase name="test_postive_metadata_resource" time="0.193" classname="com.l1.interop.UserRegistrationFunctionalTests"/>
</testsuite> <!-- com.l1.interop.UserRegistrationFunctionalTests -->
