<?xml version="1.0" encoding="UTF-8"?>
<!-- Generated by org.testng.reporters.JUnitReportReporter -->
<testsuite hostname="Brians-MacBook-Pro.local" name="com.l1.interop.ILPLedgerAdapterFunctionalTest" tests="1" failures="0" timestamp="27 Feb 2017 22:33:46 GMT" time="3.050" errors="0">
  <testcase name="prepareTransfer_ForValidSenderAndReceiver_ShouldReturn200_ShouldReturnValidResponse" time="3.050" classname="com.l1.interop.ILPLedgerAdapterFunctionalTest"/>
</testsuite> <!-- com.l1.interop.ILPLedgerAdapterFunctionalTest -->
