<?xml version="1.0" encoding="UTF-8"?>
<!-- Generated by org.testng.reporters.JUnitReportReporter -->
<testsuite hostname="Brians-iMac.local" name="com.l1.interop.business_processes.full_payment_with_notifications.FullPaymentSetupExecuteForNotificationTests" tests="3" failures="0" timestamp="22 Dec 2016 17:50:38 GMT" time="2.386" errors="0">
  <testcase name="test_fullPaymentSetupAndPaymentExecution" time="1.896" classname="com.l1.interop.business_processes.full_payment_with_notifications.FullPaymentSetupExecuteForNotificationTests"/>
  <testcase name="setupWebSocketListener" time="0.455" classname="com.l1.interop.business_processes.full_payment_with_notifications.FullPaymentSetupExecuteForNotificationTests"/>
  <testcase name="test_receiving_message_from_websocket" time="0.035" classname="com.l1.interop.business_processes.full_payment_with_notifications.FullPaymentSetupExecuteForNotificationTests"/>
</testsuite> <!-- com.l1.interop.business_processes.full_payment_with_notifications.FullPaymentSetupExecuteForNotificationTests -->
