<?xml version="1.0" encoding="UTF-8"?>
<!-- Generated by org.testng.reporters.JUnitReportReporter -->
<testsuite hostname="Brians-iMac.local" name="com.l1.interop.business_processes.FullPaymentSetupExecuteForNotificationTests" tests="3" failures="0" timestamp="7 Dec 2016 19:43:14 GMT" time="17.392" errors="0">
  <testcase name="test_sample_asynchrous_call" time="15.003" classname="com.l1.interop.business_processes.FullPaymentSetupExecuteForNotificationTests"/>
  <testcase name="test_fullPaymentSetupAndPaymentExecution" time="2.383" classname="com.l1.interop.business_processes.FullPaymentSetupExecuteForNotificationTests"/>
  <testcase name="waitForAnswer" time="0.006" classname="com.l1.interop.business_processes.FullPaymentSetupExecuteForNotificationTests"/>
</testsuite> <!-- com.l1.interop.business_processes.FullPaymentSetupExecuteForNotificationTests -->
