<?xml version="1.0" encoding="UTF-8"?>
<!-- Generated by org.testng.reporters.JUnitReportReporter -->
<testsuite hostname="Brians-MacBook-Pro.local" name="com.l1.interop.DirectoryFunctionalTest" tests="7" failures="0" timestamp="23 Feb 2017 17:48:47 GMT" time="3.370" errors="0">
  <testcase name="get_directory_resources_positive_using_BASIC_AUTH" time="0.289" classname="com.l1.interop.DirectoryFunctionalTest"/>
  <testcase name="get_identifier_types_resources_positive_requires_BASIC_AUTH" time="0.206" classname="com.l1.interop.DirectoryFunctionalTest"/>
  <testcase name="get_directory_resources_positive_using_BASIC_AUTH" time="1.747" classname="com.l1.interop.DirectoryFunctionalTest"/>
  <testcase name="registering_a_Digital_Financial_Service_Provider_POST" time="0.373" classname="com.l1.interop.DirectoryFunctionalTest"/>
  <testcase name="get_directory_resources_positive_using_BASIC_AUTH" time="0.264" classname="com.l1.interop.DirectoryFunctionalTest"/>
  <testcase name="get_directory_resources_positive_using_BASIC_AUTH" time="0.285" classname="com.l1.interop.DirectoryFunctionalTest"/>
  <testcase name="get_metadata_positive" time="0.206" classname="com.l1.interop.DirectoryFunctionalTest"/>
</testsuite> <!-- com.l1.interop.DirectoryFunctionalTest -->
