<?xml version="1.0" encoding="UTF-8"?>
<!-- Generated by org.testng.reporters.JUnitReportReporter -->
<testsuite hostname="Brians-iMac.local" name="com.l1.interop.DirectoryFunctionalTest" tests="3" failures="0" timestamp="7 Dec 2016 20:10:57 GMT" time="2.919" errors="0">
  <testcase name="get_directory_resources_positive_using_BASIC_AUTH" time="0.319" classname="com.l1.interop.DirectoryFunctionalTest"/>
  <testcase name="get_directory_resources_positive_using_BASIC_AUTH" time="0.318" classname="com.l1.interop.DirectoryFunctionalTest"/>
  <testcase name="get_directory_resources_positive_using_BASIC_AUTH" time="2.282" classname="com.l1.interop.DirectoryFunctionalTest"/>
</testsuite> <!-- com.l1.interop.DirectoryFunctionalTest -->
