<?xml version="1.0" encoding="UTF-8"?>
<!-- Generated by org.testng.reporters.JUnitReportReporter -->
<testsuite hostname="Brians-iMac.local" name="com.l1.interop.DirectoryFunctionalTest" tests="4" failures="0" timestamp="23 Nov 2016 17:47:18 GMT" time="3.000" errors="0">
  <testcase name="test_POST_registering_a_Digital_Financial_Service_Provider" time="0.469" classname="com.l1.interop.DirectoryFunctionalTest"/>
  <testcase name="test_get_identifier_types_resources_positive_requires_BASIC_AUTH" time="0.240" classname="com.l1.interop.DirectoryFunctionalTest"/>
  <testcase name="get_metadata_positive" time="2.008" classname="com.l1.interop.DirectoryFunctionalTest"/>
  <testcase name="test_get_directory_resources_positive_requires_BASIC_AUTH" time="0.283" classname="com.l1.interop.DirectoryFunctionalTest"/>
</testsuite> <!-- com.l1.interop.DirectoryFunctionalTest -->
