<?xml version="1.0" encoding="UTF-8"?>
<!-- Generated by org.testng.reporters.JUnitReportReporter -->
<testsuite hostname="Murthys-MBP.fios-router.home" name="com.l1.interop.DirectoryFunctionalTest" tests="3" failures="0" timestamp="19 Oct 2016 20:02:34 GMT" time="1.925" errors="0">
  <testcase name="lookupExistingUser" time="0.236" classname="com.l1.interop.DirectoryFunctionalTest"/>
  <testcase name="lookupNonExistingUser" time="0.228" classname="com.l1.interop.DirectoryFunctionalTest"/>
  <testcase name="lookupExistingUser" time="1.461" classname="com.l1.interop.DirectoryFunctionalTest"/>
</testsuite> <!-- com.l1.interop.DirectoryFunctionalTest -->
