<?xml version="1.0" encoding="UTF-8"?>
<!-- Generated by org.testng.reporters.JUnitReportReporter -->
<testsuite hostname="Brians-iMac.local" name="com.l1.interop.DirectoryFunctionalTest" tests="7" failures="0" timestamp="7 Dec 2016 20:12:08 GMT" time="4.309" errors="0">
  <testcase name="registering_a_Digital_Financial_Service_Provider_POST" time="0.449" classname="com.l1.interop.DirectoryFunctionalTest"/>
  <testcase name="get_metadata_positive" time="0.225" classname="com.l1.interop.DirectoryFunctionalTest"/>
  <testcase name="get_directory_resources_positive_using_BASIC_AUTH" time="0.317" classname="com.l1.interop.DirectoryFunctionalTest"/>
  <testcase name="get_directory_resources_positive_using_BASIC_AUTH" time="0.329" classname="com.l1.interop.DirectoryFunctionalTest"/>
  <testcase name="get_directory_resources_positive_using_BASIC_AUTH" time="0.333" classname="com.l1.interop.DirectoryFunctionalTest"/>
  <testcase name="get_identifier_types_resources_positive_requires_BASIC_AUTH" time="0.265" classname="com.l1.interop.DirectoryFunctionalTest"/>
  <testcase name="get_directory_resources_positive_using_BASIC_AUTH" time="2.391" classname="com.l1.interop.DirectoryFunctionalTest"/>
</testsuite> <!-- com.l1.interop.DirectoryFunctionalTest -->
