<?xml version="1.0" encoding="UTF-8"?>
<!-- Generated by org.testng.reporters.JUnitReportReporter -->
<testsuite hostname="Brians-iMac.local" name="com.l1.interop.business_processes.full_payment_with_notifications.FullPaymentSetupExecuteForNotificationTests" tests="3" failures="0" timestamp="20 Dec 2016 21:58:45 GMT" time="4.980" errors="0">
  <testcase name="test_receiving_message_from_websocket" time="1.016" classname="com.l1.interop.business_processes.full_payment_with_notifications.FullPaymentSetupExecuteForNotificationTests"/>
  <testcase name="test_fullPaymentSetupAndPaymentExecution" time="2.491" classname="com.l1.interop.business_processes.full_payment_with_notifications.FullPaymentSetupExecuteForNotificationTests"/>
  <testcase name="test_receiving_message_from_websocket" time="1.473" classname="com.l1.interop.business_processes.full_payment_with_notifications.FullPaymentSetupExecuteForNotificationTests"/>
</testsuite> <!-- com.l1.interop.business_processes.full_payment_with_notifications.FullPaymentSetupExecuteForNotificationTests -->
