<?xml version="1.0" encoding="UTF-8"?>
<!-- Generated by org.testng.reporters.JUnitReportReporter -->
<testsuite hostname="Murthys-MBP.fios-router.home" name="com.l1.interop.DirectoryFunctionalTest" tests="3" failures="0" timestamp="28 Oct 2016 13:52:23 GMT" time="1.861" errors="0">
  <testcase name="lookupExistingUser" time="0.225" classname="com.l1.interop.DirectoryFunctionalTest"/>
  <testcase name="lookupNonExistingUser" time="0.210" classname="com.l1.interop.DirectoryFunctionalTest"/>
  <testcase name="lookupExistingUser" time="1.426" classname="com.l1.interop.DirectoryFunctionalTest"/>
</testsuite> <!-- com.l1.interop.DirectoryFunctionalTest -->
