<?xml version="1.0" encoding="UTF-8"?>
<!-- Generated by org.testng.reporters.JUnitReportReporter -->
<testsuite hostname="Murthys-MBP.fios-router.home" name="com.l1.interop.SPSPClientProxyFunctionalTest" tests="9" failures="0" timestamp="28 Oct 2016 13:52:23 GMT" time="13.789" errors="0">
  <testcase name="queryNonExistingReceiver" time="0.270" classname="com.l1.interop.SPSPClientProxyFunctionalTest"/>
  <testcase name="setUpExistingReceiver" time="0.373" classname="com.l1.interop.SPSPClientProxyFunctionalTest"/>
  <testcase name="queryExistingReceiver" time="0.267" classname="com.l1.interop.SPSPClientProxyFunctionalTest"/>
  <testcase name="setUpNonExistingReceiver" time="0.249" classname="com.l1.interop.SPSPClientProxyFunctionalTest"/>
  <testcase name="quoteSourceAmountForExistingReceiver" time="0.588" classname="com.l1.interop.SPSPClientProxyFunctionalTest"/>
  <testcase name="quoteSourceAmountForNonExistingReceiver" time="0.183" classname="com.l1.interop.SPSPClientProxyFunctionalTest"/>
  <testcase name="paymentExistingReceiver" time="10.849" classname="com.l1.interop.SPSPClientProxyFunctionalTest"/>
  <testcase name="quoteSourceAmountForExistingReceiver" time="0.604" classname="com.l1.interop.SPSPClientProxyFunctionalTest"/>
  <testcase name="queryExistingReceiver" time="0.406" classname="com.l1.interop.SPSPClientProxyFunctionalTest"/>
</testsuite> <!-- com.l1.interop.SPSPClientProxyFunctionalTest -->
